<?xml version="1.0" encoding="utf-8"?><testsuites name="pytest tests"><testsuite name="pytest" errors="0" failures="1" skipped="0" tests="24" time="14.622" timestamp="2026-06-13T11:36:39.233087+00:00" hostname="agent-env-18ef56d3-750b-4415-8526-1fe10fb92de9"><testcase classname="test_backend" name="test_root" time="0.273" /><testcase classname="test_backend" name="test_login_user" time="0.320" /><testcase classname="test_backend" name="test_login_wrong_password" time="0.273" /><testcase classname="test_backend" name="test_signup_and_me" time="0.316" /><testcase classname="test_backend" name="test_list_projects" time="0.040" /><testcase classname="test_backend" name="test_filter_projects_city_bhk" time="0.043" /><testcase classname="test_backend" name="test_get_project_by_id" time="0.051" /><testcase classname="test_backend" name="test_get_project_not_found" time="0.043" /><testcase classname="test_backend" name="test_price_estimate" time="0.090" /><testcase classname="test_backend" name="test_ai_customize_room" time="11.085" /><testcase classname="test_backend" name="test_create_intent_and_mock_confirm" time="0.513"><failure message="Failed: Stripe create-intent failed (key may be invalid): 500 {&quot;detail&quot;:&quot;Stripe error: Invalid API Key provided: sk_test_****gent&quot;}">test_backend.py:139: in test_create_intent_and_mock_confirm
    pytest.fail(f"Stripe create-intent failed (key may be invalid): {r.status_code} {r.text}")
E   Failed: Stripe create-intent failed (key may be invalid): 500 {"detail":"Stripe error: Invalid API Key provided: sk_test_****gent"}</failure></testcase><testcase classname="test_backend" name="test_my_bookings" time="0.086" /><testcase classname="test_backend" name="test_builder_my_projects" time="0.353" /><testcase classname="test_backend" name="test_builder_leads" time="0.048" /><testcase classname="test_backend" name="test_user_blocked_from_builder_endpoints" time="0.084" /><testcase classname="test_backend" name="test_create_project_as_builder_and_progress" time="0.133" /><testcase classname="test_backend" name="test_user_cannot_create_project" time="0.045" /><testcase classname="test_backend" name="test_admin_builders" time="0.336" /><testcase classname="test_backend" name="test_admin_projects" time="0.045" /><testcase classname="test_backend" name="test_admin_verify_builder" time="0.045" /><testcase classname="test_backend" name="test_admin_approve_project" time="0.087" /><testcase classname="test_backend" name="test_admin_stats" time="0.055" /><testcase classname="test_backend" name="test_builder_blocked_from_admin" time="0.040" /><testcase classname="test_backend" name="test_user_blocked_from_admin" time="0.047" /></testsuite></testsuites>