<?xml version="1.0" encoding="utf-8"?><testsuites name="pytest tests"><testsuite name="pytest" errors="0" failures="0" skipped="0" tests="24" time="19.167" timestamp="2026-06-13T11:43:56.907013+00:00" hostname="agent-env-18ef56d3-750b-4415-8526-1fe10fb92de9"><testcase classname="test_backend" name="test_root" time="0.223" /><testcase classname="test_backend" name="test_login_user" time="0.349" /><testcase classname="test_backend" name="test_login_wrong_password" time="0.261" /><testcase classname="test_backend" name="test_signup_and_me" time="0.648" /><testcase classname="test_backend" name="test_list_projects" time="0.041" /><testcase classname="test_backend" name="test_filter_projects_city_bhk" time="0.084" /><testcase classname="test_backend" name="test_get_project_by_id" time="0.080" /><testcase classname="test_backend" name="test_get_project_not_found" time="0.095" /><testcase classname="test_backend" name="test_price_estimate" time="0.124" /><testcase classname="test_backend" name="test_ai_customize_room" time="14.861" /><testcase classname="test_backend" name="test_create_intent_and_mock_confirm" time="0.382" /><testcase classname="test_backend" name="test_my_bookings" time="0.074" /><testcase classname="test_backend" name="test_builder_my_projects" time="0.498" /><testcase classname="test_backend" name="test_builder_leads" time="0.044" /><testcase classname="test_backend" name="test_user_blocked_from_builder_endpoints" time="0.134" /><testcase classname="test_backend" name="test_create_project_as_builder_and_progress" time="0.120" /><testcase classname="test_backend" name="test_user_cannot_create_project" time="0.043" /><testcase classname="test_backend" name="test_admin_builders" time="0.555" /><testcase classname="test_backend" name="test_admin_projects" time="0.043" /><testcase classname="test_backend" name="test_admin_verify_builder" time="0.041" /><testcase classname="test_backend" name="test_admin_approve_project" time="0.120" /><testcase classname="test_backend" name="test_admin_stats" time="0.085" /><testcase classname="test_backend" name="test_builder_blocked_from_admin" time="0.068" /><testcase classname="test_backend" name="test_user_blocked_from_admin" time="0.040" /></testsuite></testsuites>